<?xml version="1.0" encoding="utf-8"?><testsuites><testsuite name="pytest" errors="0" failures="0" skipped="0" tests="7" time="3.623" timestamp="2022-10-11T10:41:07.757099" hostname="LAPTOP-81TOB68J"><testcase classname="tests.SplitMethods_test.TestSlidingWindowSplit" name="test_fold_length" time="0.002" /><testcase classname="tests.SplitMethods_test.TestSlidingWindowSplit" name="test_fold_values_equals_one" time="0.001" /><testcase classname="tests.SplitMethods_test.TestSlidingWindowSplit" name="test_zero_value_all_cases_1__0__3__1__1__1_" time="0.000" /><testcase classname="tests.SplitMethods_test.TestSlidingWindowSplit" name="test_zero_value_all_cases_2__2__0__1__1__1_" time="0.000" /><testcase classname="tests.SplitMethods_test.TestSlidingWindowSplit" name="test_zero_value_all_cases_3__2__3__0__1__1_" time="0.000" /><testcase classname="tests.SplitMethods_test.TestSlidingWindowSplit" name="test_zero_value_all_cases_4__2__3__1__0__1_" time="0.000" /><testcase classname="tests.SplitMethods_test.TestSlidingWindowSplit" name="test_zero_value_all_cases_5__2__3__1__1__0_" time="0.001" /></testsuite></testsuites>
